Сборка начата 14.09.2021 20:39:15.
Уровень детализации журнала: Normal.     1>Проект "E:\laba 1\HelloWorld\HelloWorld\HelloWorld.vcxproj" в узле 2 (целевые объекты Rebuild).
     1>_PrepareForClean:
         Файл "Debug\HelloWorld.tlog\HelloWorld.lastbuildstate" удаляется.
       InitializeBuildStatus:
         Создание "Debug\HelloWorld.tlog\unsuccessfulbuild", так как было задано "AlwaysCreate".
       ClCompile:
         C:\Program Files (x86)\Microsoft Visual Studio\2019\Community\VC\Tools\MSVC\14.27.29110\bin\HostX86\x86\CL.exe /c /ZI /JMC /nologo /W3 /WX- /diagnostics:column /sdl /Od /Oy- /D WIN32 /D _DEBUG /D _CONSOLE /D _UNICODE /D UNICODE /Gm- /EHsc /RTC1 /MDd /GS /fp:precise /permissive- /Zc:wchar_t /Zc:forScope /Zc:inline /Fo"Debug\\" /Fd"Debug\vc142.pdb" /Gd /TP /analyze- /FC /errorReport:prompt Hello.cpp
         Hello.cpp
       Link:
         C:\Program Files (x86)\Microsoft Visual Studio\2019\Community\VC\Tools\MSVC\14.27.29110\bin\HostX86\x86\link.exe /ERRORREPORT:PROMPT /OUT:"E:\laba 1\HelloWorld\Debug\HelloWorld.exe" /INCREMENTAL /NOLOGO kernel32.lib user32.lib gdi32.lib winspool.lib comdlg32.lib advapi32.lib shell32.lib ole32.lib oleaut32.lib uuid.lib odbc32.lib odbccp32.lib /MANIFEST /MANIFESTUAC:"level='asInvoker' uiAccess='false'" /manifest:embed /DEBUG:FASTLINK /PDB:"E:\laba 1\HelloWorld\Debug\HelloWorld.pdb" /SUBSYSTEM:CONSOLE /TLBID:1 /DYNAMICBASE /NXCOMPAT /IMPLIB:"E:\laba 1\HelloWorld\Debug\HelloWorld.lib" /MACHINE:X86 Debug\Hello.obj
         HelloWorld.vcxproj -> E:\laba 1\HelloWorld\Debug\HelloWorld.exe
       FinalizeBuildStatus:
         Файл "Debug\HelloWorld.tlog\unsuccessfulbuild" удаляется.
         Обращение к "Debug\HelloWorld.tlog\HelloWorld.lastbuildstate".
     1>Сборка проекта "E:\laba 1\HelloWorld\HelloWorld\HelloWorld.vcxproj" завершена (целевые объекты Rebuild).

Сборка успешно завершена.
    Предупреждений: 0
    Ошибок: 0

Прошло времени 00:00:10.77
