Сборка начата 14.09.2021 20:48:08.
Уровень детализации журнала: Normal.     1>Проект "E:\laba 1\HelloWorld\HelloWorld\HelloWorld.vcxproj" в узле 2 (целевые объекты Build).
     1>PrepareForBuild:
         Создание каталога "Release\HelloWorld.tlog\".
       InitializeBuildStatus:
         Создание "Release\HelloWorld.tlog\unsuccessfulbuild", так как было задано "AlwaysCreate".
       ClCompile:
         C:\Program Files (x86)\Microsoft Visual Studio\2019\Community\VC\Tools\MSVC\14.27.29110\bin\HostX86\x86\CL.exe /c /Zi /nologo /W3 /WX- /diagnostics:column /sdl /O2 /Oi /Oy- /GL /D WIN32 /D NDEBUG /D _CONSOLE /D _UNICODE /D UNICODE /Gm- /EHsc /MD /GS /Gy /fp:precise /permissive- /Zc:wchar_t /Zc:forScope /Zc:inline /Fo"Release\\" /Fd"Release\vc142.pdb" /Gd /TP /analyze- /FC /errorReport:prompt Hello.cpp
         Hello.cpp
       Link:
         C:\Program Files (x86)\Microsoft Visual Studio\2019\Community\VC\Tools\MSVC\14.27.29110\bin\HostX86\x86\link.exe /ERRORREPORT:PROMPT /OUT:"E:\laba 1\HelloWorld\Release\HelloWorld.exe" /INCREMENTAL:NO /NOLOGO kernel32.lib user32.lib gdi32.lib winspool.lib comdlg32.lib advapi32.lib shell32.lib ole32.lib oleaut32.lib uuid.lib odbc32.lib odbccp32.lib /MANIFEST /MANIFESTUAC:"level='asInvoker' uiAccess='false'" /manifest:embed /DEBUG /PDB:"E:\laba 1\HelloWorld\Release\HelloWorld.pdb" /SUBSYSTEM:CONSOLE /OPT:REF /OPT:ICF /LTCG:incremental /TLBID:1 /DYNAMICBASE /NXCOMPAT /IMPLIB:"E:\laba 1\HelloWorld\Release\HelloWorld.lib" /MACHINE:X86 /SAFESEH Release\Hello.obj
         Создание кода
         Previous IPDB not found, fall back to full compilation.
         All 11 functions were compiled because no usable IPDB/IOBJ from previous compilation was found.
         Создание кода завершено
         HelloWorld.vcxproj -> E:\laba 1\HelloWorld\Release\HelloWorld.exe
       FinalizeBuildStatus:
         Файл "Release\HelloWorld.tlog\unsuccessfulbuild" удаляется.
         Обращение к "Release\HelloWorld.tlog\HelloWorld.lastbuildstate".
     1>Сборка проекта "E:\laba 1\HelloWorld\HelloWorld\HelloWorld.vcxproj" завершена (целевые объекты Build).

Сборка успешно завершена.
    Предупреждений: 0
    Ошибок: 0

Прошло времени 00:00:12.50
